2023-03-01 16:41:56,795:INFO:Initializing load_model()
2023-03-01 16:41:56,795:INFO:load_model(model_name=C:\Users\Granella\Dropbox (CMCC)\PhD\Research\spandimentotool\spandimentotool\models\model_15146, platform=None, authentication=None, verbose=True)
2023-03-01 16:41:56,815:INFO:Initializing load_config()
2023-03-01 16:41:56,816:INFO:load_config(file_name=C:\Users\Granella\Dropbox (CMCC)\PhD\Research\spandimentotool\spandimentotool\models\config_15146)
2023-03-01 16:41:56,840:INFO:Global variables loaded from C:\Users\Granella\Dropbox (CMCC)\PhD\Research\spandimentotool\spandimentotool\models\config_15146
2023-03-01 16:41:56,841:INFO:Global variables set to match those in C:\Users\Granella\Dropbox (CMCC)\PhD\Research\spandimentotool\spandimentotool\models\config_15146
2023-03-01 16:41:56,841:INFO:load_config() succesfully completed......................................
2023-03-01 16:41:57,035:WARNING:Couldn't import catboost.CatBoostRegressor
2023-03-01 16:41:57,172:WARNING:Couldn't import catboost.CatBoostRegressor
2023-03-01 16:41:57,215:INFO:Initializing predict_model()
2023-03-01 16:41:57,215:INFO:predict_model(estimator=Pipeline(steps=[('dtypes',
                 DataTypes_Auto_infer(display_types=False,
                                      ml_usecase='regression', target='y')),
                ('imputer',
                 Simple_Imputer(categorical_strategy='not_available',
                                fill_value_categorical=None,
                                fill_value_numerical=None,
                                numeric_strategy='mean',
                                target_variable=None)),
                ('new_levels1',
                 New_Catagorical_Levels_in_TestData(replacement_strategy='least '
                                                                         'fre...
                                                 max_leaf_nodes=None,
                                                 min_impurity_decrease=0.0,
                                                 min_impurity_split=None,
                                                 min_samples_leaf=1,
                                                 min_samples_split=2,
                                                 min_weight_fraction_leaf=0.0,
                                                 n_estimators=100,
                                                 n_iter_no_change=None,
                                                 presort='deprecated',
                                                 random_state=1234,
                                                 regressor=GradientBoostingRegressor(random_state=1234),
                                                 subsample=1.0, tol=0.0001,
                                                 validation_fraction=0.1,
                                                 verbose=0,
                                                 warm_start=False)]]), probability_threshold=None, encoded_labels=True, drift_report=False, raw_score=False, round=4, verbose=True, ml_usecase=MLUsecase.REGRESSION, display=None, drift_kwargs=None)
2023-03-01 16:41:57,215:INFO:Checking exceptions
2023-03-01 16:41:57,215:INFO:Preloading libraries
2023-03-01 16:41:57,215:INFO:Preparing display monitor
2023-03-01 16:41:57,520:INFO:Initializing predict_model()
2023-03-01 16:41:57,520:INFO:predict_model(estimator=Pipeline(steps=[('dtypes',
                 DataTypes_Auto_infer(display_types=False,
                                      ml_usecase='regression', target='y')),
                ('imputer',
                 Simple_Imputer(categorical_strategy='not_available',
                                fill_value_categorical=None,
                                fill_value_numerical=None,
                                numeric_strategy='mean',
                                target_variable=None)),
                ('new_levels1',
                 New_Catagorical_Levels_in_TestData(replacement_strategy='least '
                                                                         'fre...
                                                 max_leaf_nodes=None,
                                                 min_impurity_decrease=0.0,
                                                 min_impurity_split=None,
                                                 min_samples_leaf=1,
                                                 min_samples_split=2,
                                                 min_weight_fraction_leaf=0.0,
                                                 n_estimators=100,
                                                 n_iter_no_change=None,
                                                 presort='deprecated',
                                                 random_state=1234,
                                                 regressor=GradientBoostingRegressor(random_state=1234),
                                                 subsample=1.0, tol=0.0001,
                                                 validation_fraction=0.1,
                                                 verbose=0,
                                                 warm_start=False)]]), probability_threshold=None, encoded_labels=True, drift_report=False, raw_score=False, round=4, verbose=True, ml_usecase=MLUsecase.REGRESSION, display=None, drift_kwargs=None)
2023-03-01 16:41:57,520:INFO:Checking exceptions
2023-03-01 16:41:57,521:INFO:Preloading libraries
2023-03-01 16:41:57,521:INFO:Preparing display monitor
